<?xml version="1.0" encoding="UTF-8" ?>
<testsuites errors="1"
            failures="1"
            tests="1">

  <testsuite name="test"
    errors="1" failures="1" hostname="" id="" package="test" skipped="0"
    tests="1" time="14.98" timestamp="">
  
    <testcase name="Demo Login" classname="test" time="14.98" assertions="7">

    

    

    

    

    

      <failure message="Testing if element &lt;#app&gt; has css class &#39;piqlTop&#39; in 5000ms - expected &#34;has piqlTop&#34; but got: &#34;element could not be located&#34; (5561ms)">    at Object.Demo Login (/var/www/html/piql/piql_connect/tests/nightwatch/test.js:14:17)</failure>

    
    <error message="Error while running &#34;cssClassPresent&#34; command: Testing if element [0;33m&lt;#app&gt;[0m has css class [0;33m&#39;piqlTop&#39;[0m in 5000ms - expected [0;32m&#34;has piqlTop&#34;[0m but got: [0;31m&#34;element could not be located&#34;[0m [0;90m(5561ms)[0m" type="error"><![CDATA[
        at Object.Demo Login (/var/www/html/piql/piql_connect/tests/nightwatch/test.js:14:17)
    ]]></error>
    
    </testcase>
  

  
    <system-err>
        NoSuchElementError: An error occurred while running .getAttribute() command on &lt;#app&gt;: 
   {&#34;value&#34;:[]}
   
    </system-err>
  

    

  
  </testsuite>
</testsuites>
